0 info it worked if it ends with ok
1 verbose cli [ 'node', '/usr/local/bin/npm', 'run', 'build' ]
2 info using npm@3.10.3
3 info using node@v0.12.7
4 verbose run-script [ 'prebuild', 'build', 'postbuild' ]
5 info lifecycle gittoken-keystore-generator@0.0.17~prebuild: gittoken-keystore-generator@0.0.17
6 silly lifecycle gittoken-keystore-generator@0.0.17~prebuild: no script for prebuild, continuing
7 info lifecycle gittoken-keystore-generator@0.0.17~build: gittoken-keystore-generator@0.0.17
8 verbose lifecycle gittoken-keystore-generator@0.0.17~build: unsafe-perm in lifecycle true
9 verbose lifecycle gittoken-keystore-generator@0.0.17~build: PATH: /usr/local/lib/node_modules/npm/bin/node-gyp-bin:/Users/ryan/Projects/GitToken/gittoken-keystore-generator/node_modules/.bin:/usr/local/bin:/Users/ryan/.cargo/bin:/usr/local/sbin:/usr/texbin:/usr/local/mysql/bin:/usr/local/Cellar/postgresql/9.5.3/bin:/Users/ryan/.yarn/bin:/Users/ryan/bin:/usr/local/bin:/Users/ryan/.nvm/versions/node/v8.8.1/bin:/Users/ryan/.cargo/bin:/Library/Frameworks/Python.framework/Versions/3.6/bin:/usr/local/bin:/usr/bin:/bin:/usr/sbin:/sbin:/opt/X11/bin:/usr/local/go/bin:/Library/TeX/texbin
10 verbose lifecycle gittoken-keystore-generator@0.0.17~build: CWD: /Users/ryan/Projects/GitToken/gittoken-keystore-generator
11 silly lifecycle gittoken-keystore-generator@0.0.17~build: Args: [ '-c',
11 silly lifecycle   'babel ./src/ --out-dir ./dist/ --plugins transform-runtime' ]
12 silly lifecycle gittoken-keystore-generator@0.0.17~build: Returned: code: 1  signal: null
13 info lifecycle gittoken-keystore-generator@0.0.17~build: Failed to exec build script
14 verbose stack Error: gittoken-keystore-generator@0.0.17 build: `babel ./src/ --out-dir ./dist/ --plugins transform-runtime`
14 verbose stack Exit status 1
14 verbose stack     at EventEmitter.<anonymous> (/usr/local/lib/node_modules/npm/lib/utils/lifecycle.js:242:16)
14 verbose stack     at EventEmitter.emit (events.js:110:17)
14 verbose stack     at ChildProcess.<anonymous> (/usr/local/lib/node_modules/npm/lib/utils/spawn.js:40:14)
14 verbose stack     at ChildProcess.emit (events.js:110:17)
14 verbose stack     at maybeClose (child_process.js:1015:16)
14 verbose stack     at Process.ChildProcess._handle.onexit (child_process.js:1087:5)
15 verbose pkgid gittoken-keystore-generator@0.0.17
16 verbose cwd /Users/ryan/Projects/GitToken/gittoken-keystore-generator
17 error Darwin 16.7.0
18 error argv "node" "/usr/local/bin/npm" "run" "build"
19 error node v0.12.7
20 error npm  v3.10.3
21 error code ELIFECYCLE
22 error gittoken-keystore-generator@0.0.17 build: `babel ./src/ --out-dir ./dist/ --plugins transform-runtime`
22 error Exit status 1
23 error Failed at the gittoken-keystore-generator@0.0.17 build script 'babel ./src/ --out-dir ./dist/ --plugins transform-runtime'.
23 error Make sure you have the latest version of node.js and npm installed.
23 error If you do, this is most likely a problem with the gittoken-keystore-generator package,
23 error not with npm itself.
23 error Tell the author that this fails on your system:
23 error     babel ./src/ --out-dir ./dist/ --plugins transform-runtime
23 error You can get information on how to open an issue for this project with:
23 error     npm bugs gittoken-keystore-generator
23 error Or if that isn't available, you can get their info via:
23 error     npm owner ls gittoken-keystore-generator
23 error There is likely additional logging output above.
24 verbose exit [ 1, true ]
